
*** Running vivado
    with args -log design_1_wrapper.vds -m64 -product Vivado -mode batch -messageDb vivado.pb -notrace -source design_1_wrapper.tcl


****** Vivado v2020.1 (64-bit)
  **** SW Build 2902540 on Wed May 27 19:54:35 MDT 2020
  **** IP Build 2902112 on Wed May 27 22:43:36 MDT 2020
    ** Copyright 1986-2020 Xilinx, Inc. All Rights Reserved.

source design_1_wrapper.tcl -notrace
INFO: [IP_Flow 19-234] Refreshing IP repositories
INFO: [IP_Flow 19-1700] Loaded user IP repository '/home/jens/Xilinx/EOS_opdracht_2020/DEEL1/ip_repo/MatrixEncoder_1.0'.
WARNING: [IP_Flow 19-2248] Failed to load user IP repository '/home/jens/Xilinx/EOS_opdracht_2020/DEEL1/MatrixEncoder_1.0'; Can't find the specified path.
If this directory should no longer be in your list of user repositories, go to the IP Settings dialog and remove it.
INFO: [IP_Flow 19-2313] Loaded Vivado IP repository '/tools/Xilinx/Vivado/2020.1/data/ip'.
Command: synth_design -top design_1_wrapper -part xc7z007sclg225-1
Starting synth_design
Attempting to get a license for feature 'Synthesis' and/or device 'xc7z007s'
INFO: [Common 17-349] Got license for feature 'Synthesis' and/or device 'xc7z007s'
INFO: [Device 21-403] Loading part xc7z007sclg225-1
INFO: [Synth 8-7079] Multithreading enabled for synth_design using a maximum of 4 processes.
INFO: [Synth 8-7078] Launching helper process for spawning children vivado processes
INFO: [Synth 8-7075] Helper process launched with PID 19465
---------------------------------------------------------------------------------
Starting RTL Elaboration : Time (s): cpu = 00:00:02 ; elapsed = 00:00:03 . Memory (MB): peak = 2154.172 ; gain = 0.000 ; free physical = 14434 ; free virtual = 27219
---------------------------------------------------------------------------------
INFO: [Synth 8-638] synthesizing module 'design_1_wrapper' [/home/jens/Xilinx/EOS_opdracht_2020/DEEL1/DEEL1.srcs/sources_1/bd/design_1/hdl/design_1_wrapper.vhd:45]
INFO: [Synth 8-3491] module 'design_1' declared at '/home/jens/Xilinx/EOS_opdracht_2020/DEEL1/DEEL1.srcs/sources_1/bd/design_1/synth/design_1.vhd:1635' bound to instance 'design_1_i' of component 'design_1' [/home/jens/Xilinx/EOS_opdracht_2020/DEEL1/DEEL1.srcs/sources_1/bd/design_1/hdl/design_1_wrapper.vhd:77]
INFO: [Synth 8-638] synthesizing module 'design_1' [/home/jens/Xilinx/EOS_opdracht_2020/DEEL1/DEEL1.srcs/sources_1/bd/design_1/synth/design_1.vhd:1670]
INFO: [Synth 8-3491] module 'design_1_MatrixEncoder_0_0' declared at '/home/jens/Xilinx/EOS_opdracht_2020/DEEL1/DEEL1.runs/synth_1/.Xil/Vivado-19387-jens-MSI/realtime/design_1_MatrixEncoder_0_0_stub.vhdl:5' bound to instance 'MatrixEncoder_0' of component 'design_1_MatrixEncoder_0_0' [/home/jens/Xilinx/EOS_opdracht_2020/DEEL1/DEEL1.srcs/sources_1/bd/design_1/synth/design_1.vhd:2086]
INFO: [Synth 8-638] synthesizing module 'design_1_MatrixEncoder_0_0' [/home/jens/Xilinx/EOS_opdracht_2020/DEEL1/DEEL1.runs/synth_1/.Xil/Vivado-19387-jens-MSI/realtime/design_1_MatrixEncoder_0_0_stub.vhdl:37]
INFO: [Synth 8-3491] module 'design_1_axi_gpio_0_0' declared at '/home/jens/Xilinx/EOS_opdracht_2020/DEEL1/DEEL1.runs/synth_1/.Xil/Vivado-19387-jens-MSI/realtime/design_1_axi_gpio_0_0_stub.vhdl:5' bound to instance 'axi_gpio_0' of component 'design_1_axi_gpio_0_0' [/home/jens/Xilinx/EOS_opdracht_2020/DEEL1/DEEL1.srcs/sources_1/bd/design_1/synth/design_1.vhd:2115]
INFO: [Synth 8-638] synthesizing module 'design_1_axi_gpio_0_0' [/home/jens/Xilinx/EOS_opdracht_2020/DEEL1/DEEL1.runs/synth_1/.Xil/Vivado-19387-jens-MSI/realtime/design_1_axi_gpio_0_0_stub.vhdl:32]
INFO: [Synth 8-3491] module 'design_1_clk_wiz_0_1' declared at '/home/jens/Xilinx/EOS_opdracht_2020/DEEL1/DEEL1.runs/synth_1/.Xil/Vivado-19387-jens-MSI/realtime/design_1_clk_wiz_0_1_stub.vhdl:5' bound to instance 'clk_wiz_0' of component 'design_1_clk_wiz_0_1' [/home/jens/Xilinx/EOS_opdracht_2020/DEEL1/DEEL1.srcs/sources_1/bd/design_1/synth/design_1.vhd:2139]
INFO: [Synth 8-638] synthesizing module 'design_1_clk_wiz_0_1' [/home/jens/Xilinx/EOS_opdracht_2020/DEEL1/DEEL1.runs/synth_1/.Xil/Vivado-19387-jens-MSI/realtime/design_1_clk_wiz_0_1_stub.vhdl:14]
INFO: [Synth 8-3491] module 'design_1_processing_system7_0_1' declared at '/home/jens/Xilinx/EOS_opdracht_2020/DEEL1/DEEL1.runs/synth_1/.Xil/Vivado-19387-jens-MSI/realtime/design_1_processing_system7_0_1_stub.vhdl:5' bound to instance 'processing_system7_0' of component 'design_1_processing_system7_0_1' [/home/jens/Xilinx/EOS_opdracht_2020/DEEL1/DEEL1.srcs/sources_1/bd/design_1/synth/design_1.vhd:2145]
INFO: [Synth 8-638] synthesizing module 'design_1_processing_system7_0_1' [/home/jens/Xilinx/EOS_opdracht_2020/DEEL1/DEEL1.runs/synth_1/.Xil/Vivado-19387-jens-MSI/realtime/design_1_processing_system7_0_1_stub.vhdl:146]
INFO: [Synth 8-638] synthesizing module 'design_1_ps7_0_axi_periph_0' [/home/jens/Xilinx/EOS_opdracht_2020/DEEL1/DEEL1.srcs/sources_1/bd/design_1/synth/design_1.vhd:985]
INFO: [Synth 8-638] synthesizing module 'm00_couplers_imp_15SPJYW' [/home/jens/Xilinx/EOS_opdracht_2020/DEEL1/DEEL1.srcs/sources_1/bd/design_1/synth/design_1.vhd:61]
INFO: [Synth 8-256] done synthesizing module 'm00_couplers_imp_15SPJYW' (1#1) [/home/jens/Xilinx/EOS_opdracht_2020/DEEL1/DEEL1.srcs/sources_1/bd/design_1/synth/design_1.vhd:61]
INFO: [Synth 8-638] synthesizing module 'm01_couplers_imp_XU9C55' [/home/jens/Xilinx/EOS_opdracht_2020/DEEL1/DEEL1.srcs/sources_1/bd/design_1/synth/design_1.vhd:168]
INFO: [Synth 8-256] done synthesizing module 'm01_couplers_imp_XU9C55' (2#1) [/home/jens/Xilinx/EOS_opdracht_2020/DEEL1/DEEL1.srcs/sources_1/bd/design_1/synth/design_1.vhd:168]
INFO: [Synth 8-638] synthesizing module 's00_couplers_imp_UYSKKA' [/home/jens/Xilinx/EOS_opdracht_2020/DEEL1/DEEL1.srcs/sources_1/bd/design_1/synth/design_1.vhd:292]
INFO: [Synth 8-3491] module 'design_1_auto_pc_0' declared at '/home/jens/Xilinx/EOS_opdracht_2020/DEEL1/DEEL1.runs/synth_1/.Xil/Vivado-19387-jens-MSI/realtime/design_1_auto_pc_0_stub.vhdl:5' bound to instance 'auto_pc' of component 'design_1_auto_pc_0' [/home/jens/Xilinx/EOS_opdracht_2020/DEEL1/DEEL1.srcs/sources_1/bd/design_1/synth/design_1.vhd:475]
INFO: [Synth 8-638] synthesizing module 'design_1_auto_pc_0' [/home/jens/Xilinx/EOS_opdracht_2020/DEEL1/DEEL1.runs/synth_1/.Xil/Vivado-19387-jens-MSI/realtime/design_1_auto_pc_0_stub.vhdl:70]
INFO: [Synth 8-256] done synthesizing module 's00_couplers_imp_UYSKKA' (3#1) [/home/jens/Xilinx/EOS_opdracht_2020/DEEL1/DEEL1.srcs/sources_1/bd/design_1/synth/design_1.vhd:292]
INFO: [Synth 8-638] synthesizing module 's01_couplers_imp_ZQDCSB' [/home/jens/Xilinx/EOS_opdracht_2020/DEEL1/DEEL1.srcs/sources_1/bd/design_1/synth/design_1.vhd:608]
INFO: [Synth 8-3491] module 'design_1_auto_pc_1' declared at '/home/jens/Xilinx/EOS_opdracht_2020/DEEL1/DEEL1.runs/synth_1/.Xil/Vivado-19387-jens-MSI/realtime/design_1_auto_pc_1_stub.vhdl:5' bound to instance 'auto_pc' of component 'design_1_auto_pc_1' [/home/jens/Xilinx/EOS_opdracht_2020/DEEL1/DEEL1.srcs/sources_1/bd/design_1/synth/design_1.vhd:791]
INFO: [Synth 8-638] synthesizing module 'design_1_auto_pc_1' [/home/jens/Xilinx/EOS_opdracht_2020/DEEL1/DEEL1.runs/synth_1/.Xil/Vivado-19387-jens-MSI/realtime/design_1_auto_pc_1_stub.vhdl:70]
INFO: [Synth 8-256] done synthesizing module 's01_couplers_imp_ZQDCSB' (4#1) [/home/jens/Xilinx/EOS_opdracht_2020/DEEL1/DEEL1.srcs/sources_1/bd/design_1/synth/design_1.vhd:608]
INFO: [Synth 8-3491] module 'design_1_xbar_0' declared at '/home/jens/Xilinx/EOS_opdracht_2020/DEEL1/DEEL1.runs/synth_1/.Xil/Vivado-19387-jens-MSI/realtime/design_1_xbar_0_stub.vhdl:5' bound to instance 'xbar' of component 'design_1_xbar_0' [/home/jens/Xilinx/EOS_opdracht_2020/DEEL1/DEEL1.srcs/sources_1/bd/design_1/synth/design_1.vhd:1549]
INFO: [Synth 8-638] synthesizing module 'design_1_xbar_0' [/home/jens/Xilinx/EOS_opdracht_2020/DEEL1/DEEL1.runs/synth_1/.Xil/Vivado-19387-jens-MSI/realtime/design_1_xbar_0_stub.vhdl:51]
INFO: [Synth 8-256] done synthesizing module 'design_1_ps7_0_axi_periph_0' (5#1) [/home/jens/Xilinx/EOS_opdracht_2020/DEEL1/DEEL1.srcs/sources_1/bd/design_1/synth/design_1.vhd:985]
INFO: [Synth 8-3491] module 'design_1_rst_ps7_0_50M_0' declared at '/home/jens/Xilinx/EOS_opdracht_2020/DEEL1/DEEL1.runs/synth_1/.Xil/Vivado-19387-jens-MSI/realtime/design_1_rst_ps7_0_50M_0_stub.vhdl:5' bound to instance 'rst_ps7_0_50M' of component 'design_1_rst_ps7_0_50M_0' [/home/jens/Xilinx/EOS_opdracht_2020/DEEL1/DEEL1.srcs/sources_1/bd/design_1/synth/design_1.vhd:2408]
INFO: [Synth 8-638] synthesizing module 'design_1_rst_ps7_0_50M_0' [/home/jens/Xilinx/EOS_opdracht_2020/DEEL1/DEEL1.runs/synth_1/.Xil/Vivado-19387-jens-MSI/realtime/design_1_rst_ps7_0_50M_0_stub.vhdl:21]
INFO: [Synth 8-256] done synthesizing module 'design_1' (6#1) [/home/jens/Xilinx/EOS_opdracht_2020/DEEL1/DEEL1.srcs/sources_1/bd/design_1/synth/design_1.vhd:1670]
INFO: [Synth 8-256] done synthesizing module 'design_1_wrapper' (7#1) [/home/jens/Xilinx/EOS_opdracht_2020/DEEL1/DEEL1.srcs/sources_1/bd/design_1/hdl/design_1_wrapper.vhd:45]
---------------------------------------------------------------------------------
Finished RTL Elaboration : Time (s): cpu = 00:00:03 ; elapsed = 00:00:04 . Memory (MB): peak = 2154.172 ; gain = 0.000 ; free physical = 14497 ; free virtual = 27281
---------------------------------------------------------------------------------
---------------------------------------------------------------------------------
Start Handling Custom Attributes
---------------------------------------------------------------------------------
---------------------------------------------------------------------------------
Finished Handling Custom Attributes : Time (s): cpu = 00:00:03 ; elapsed = 00:00:04 . Memory (MB): peak = 2154.172 ; gain = 0.000 ; free physical = 14497 ; free virtual = 27274
---------------------------------------------------------------------------------
---------------------------------------------------------------------------------
Finished RTL Optimization Phase 1 : Time (s): cpu = 00:00:03 ; elapsed = 00:00:04 . Memory (MB): peak = 2154.172 ; gain = 0.000 ; free physical = 14497 ; free virtual = 27274
---------------------------------------------------------------------------------
Netlist sorting complete. Time (s): cpu = 00:00:00.01 ; elapsed = 00:00:00 . Memory (MB): peak = 2154.172 ; gain = 0.000 ; free physical = 14496 ; free virtual = 27273
INFO: [Project 1-570] Preparing netlist for logic optimization

Processing XDC Constraints
Initializing timing engine
Parsing XDC File [/home/jens/Xilinx/EOS_opdracht_2020/DEEL1/DEEL1.srcs/sources_1/bd/design_1/ip/design_1_MatrixEncoder_0_0/design_1_MatrixEncoder_0_0/design_1_MatrixEncoder_0_0_in_context.xdc] for cell 'design_1_i/MatrixEncoder_0'
Finished Parsing XDC File [/home/jens/Xilinx/EOS_opdracht_2020/DEEL1/DEEL1.srcs/sources_1/bd/design_1/ip/design_1_MatrixEncoder_0_0/design_1_MatrixEncoder_0_0/design_1_MatrixEncoder_0_0_in_context.xdc] for cell 'design_1_i/MatrixEncoder_0'
Parsing XDC File [/home/jens/Xilinx/EOS_opdracht_2020/DEEL1/DEEL1.srcs/sources_1/bd/design_1/ip/design_1_xbar_0/design_1_xbar_0/design_1_xbar_0_in_context.xdc] for cell 'design_1_i/ps7_0_axi_periph/xbar'
Finished Parsing XDC File [/home/jens/Xilinx/EOS_opdracht_2020/DEEL1/DEEL1.srcs/sources_1/bd/design_1/ip/design_1_xbar_0/design_1_xbar_0/design_1_xbar_0_in_context.xdc] for cell 'design_1_i/ps7_0_axi_periph/xbar'
Parsing XDC File [/home/jens/Xilinx/EOS_opdracht_2020/DEEL1/DEEL1.srcs/sources_1/bd/design_1/ip/design_1_rst_ps7_0_50M_0/design_1_rst_ps7_0_50M_0/design_1_rst_ps7_0_50M_0_in_context.xdc] for cell 'design_1_i/rst_ps7_0_50M'
Finished Parsing XDC File [/home/jens/Xilinx/EOS_opdracht_2020/DEEL1/DEEL1.srcs/sources_1/bd/design_1/ip/design_1_rst_ps7_0_50M_0/design_1_rst_ps7_0_50M_0/design_1_rst_ps7_0_50M_0_in_context.xdc] for cell 'design_1_i/rst_ps7_0_50M'
Parsing XDC File [/home/jens/Xilinx/EOS_opdracht_2020/DEEL1/DEEL1.srcs/sources_1/bd/design_1/ip/design_1_axi_gpio_0_0/design_1_axi_gpio_0_0/design_1_axi_gpio_0_0_in_context.xdc] for cell 'design_1_i/axi_gpio_0'
Finished Parsing XDC File [/home/jens/Xilinx/EOS_opdracht_2020/DEEL1/DEEL1.srcs/sources_1/bd/design_1/ip/design_1_axi_gpio_0_0/design_1_axi_gpio_0_0/design_1_axi_gpio_0_0_in_context.xdc] for cell 'design_1_i/axi_gpio_0'
Parsing XDC File [/home/jens/Xilinx/EOS_opdracht_2020/DEEL1/DEEL1.srcs/sources_1/bd/design_1/ip/design_1_processing_system7_0_1/design_1_processing_system7_0_1/design_1_processing_system7_0_1_in_context.xdc] for cell 'design_1_i/processing_system7_0'
WARNING: [Vivado 12-584] No ports matched ''. [/home/jens/Xilinx/EOS_opdracht_2020/DEEL1/DEEL1.srcs/sources_1/bd/design_1/ip/design_1_processing_system7_0_1/design_1_processing_system7_0_1/design_1_processing_system7_0_1_in_context.xdc:2]
WARNING: [Vivado 12-584] No ports matched ''. [/home/jens/Xilinx/EOS_opdracht_2020/DEEL1/DEEL1.srcs/sources_1/bd/design_1/ip/design_1_processing_system7_0_1/design_1_processing_system7_0_1/design_1_processing_system7_0_1_in_context.xdc:4]
Finished Parsing XDC File [/home/jens/Xilinx/EOS_opdracht_2020/DEEL1/DEEL1.srcs/sources_1/bd/design_1/ip/design_1_processing_system7_0_1/design_1_processing_system7_0_1/design_1_processing_system7_0_1_in_context.xdc] for cell 'design_1_i/processing_system7_0'
Parsing XDC File [/home/jens/Xilinx/EOS_opdracht_2020/DEEL1/DEEL1.srcs/sources_1/bd/design_1/ip/design_1_clk_wiz_0_1/design_1_clk_wiz_0_1/design_1_clk_wiz_0_1_in_context.xdc] for cell 'design_1_i/clk_wiz_0'
WARNING: [Vivado 12-584] No ports matched ''. [/home/jens/Xilinx/EOS_opdracht_2020/DEEL1/DEEL1.srcs/sources_1/bd/design_1/ip/design_1_clk_wiz_0_1/design_1_clk_wiz_0_1/design_1_clk_wiz_0_1_in_context.xdc:1]
WARNING: [Vivado 12-584] No ports matched ''. [/home/jens/Xilinx/EOS_opdracht_2020/DEEL1/DEEL1.srcs/sources_1/bd/design_1/ip/design_1_clk_wiz_0_1/design_1_clk_wiz_0_1/design_1_clk_wiz_0_1_in_context.xdc:4]
Finished Parsing XDC File [/home/jens/Xilinx/EOS_opdracht_2020/DEEL1/DEEL1.srcs/sources_1/bd/design_1/ip/design_1_clk_wiz_0_1/design_1_clk_wiz_0_1/design_1_clk_wiz_0_1_in_context.xdc] for cell 'design_1_i/clk_wiz_0'
Parsing XDC File [/home/jens/Xilinx/EOS_opdracht_2020/DEEL1/DEEL1.srcs/sources_1/bd/design_1/ip/design_1_auto_pc_0/design_1_auto_pc_0/design_1_auto_pc_0_in_context.xdc] for cell 'design_1_i/ps7_0_axi_periph/s00_couplers/auto_pc'
Finished Parsing XDC File [/home/jens/Xilinx/EOS_opdracht_2020/DEEL1/DEEL1.srcs/sources_1/bd/design_1/ip/design_1_auto_pc_0/design_1_auto_pc_0/design_1_auto_pc_0_in_context.xdc] for cell 'design_1_i/ps7_0_axi_periph/s00_couplers/auto_pc'
Parsing XDC File [/home/jens/Xilinx/EOS_opdracht_2020/DEEL1/DEEL1.srcs/sources_1/bd/design_1/ip/design_1_auto_pc_1/design_1_auto_pc_1/design_1_auto_pc_0_in_context.xdc] for cell 'design_1_i/ps7_0_axi_periph/s01_couplers/auto_pc'
Finished Parsing XDC File [/home/jens/Xilinx/EOS_opdracht_2020/DEEL1/DEEL1.srcs/sources_1/bd/design_1/ip/design_1_auto_pc_1/design_1_auto_pc_1/design_1_auto_pc_0_in_context.xdc] for cell 'design_1_i/ps7_0_axi_periph/s01_couplers/auto_pc'
Parsing XDC File [/home/jens/Xilinx/EOS_opdracht_2020/DEEL1/DEEL1.srcs/constrs/new/main.xdc]
WARNING: [Vivado 12-584] No ports matched 'GPIO_0_0_tri_io[1]'. [/home/jens/Xilinx/EOS_opdracht_2020/DEEL1/DEEL1.srcs/constrs/new/main.xdc:8]
WARNING: [Vivado 12-584] No ports matched 'GPIO_0_0_tri_io[0]'. [/home/jens/Xilinx/EOS_opdracht_2020/DEEL1/DEEL1.srcs/constrs/new/main.xdc:9]
WARNING: [Vivado 12-584] No ports matched 'GPIO_0_0_tri_io[1]'. [/home/jens/Xilinx/EOS_opdracht_2020/DEEL1/DEEL1.srcs/constrs/new/main.xdc:10]
WARNING: [Vivado 12-584] No ports matched 'GPIO_0_0_tri_io[0]'. [/home/jens/Xilinx/EOS_opdracht_2020/DEEL1/DEEL1.srcs/constrs/new/main.xdc:11]
WARNING: [Vivado 12-584] No ports matched 'GPIO_0_tri_o[0]'. [/home/jens/Xilinx/EOS_opdracht_2020/DEEL1/DEEL1.srcs/constrs/new/main.xdc:13]
WARNING: [Vivado 12-584] No ports matched 'GPIO_0_tri_o[1]'. [/home/jens/Xilinx/EOS_opdracht_2020/DEEL1/DEEL1.srcs/constrs/new/main.xdc:14]
WARNING: [Vivado 12-584] No ports matched 'GPIO_0_tri_o[1]'. [/home/jens/Xilinx/EOS_opdracht_2020/DEEL1/DEEL1.srcs/constrs/new/main.xdc:15]
WARNING: [Vivado 12-584] No ports matched 'GPIO_0_tri_o[0]'. [/home/jens/Xilinx/EOS_opdracht_2020/DEEL1/DEEL1.srcs/constrs/new/main.xdc:16]
Finished Parsing XDC File [/home/jens/Xilinx/EOS_opdracht_2020/DEEL1/DEEL1.srcs/constrs/new/main.xdc]
WARNING: [Project 1-498] One or more constraints failed evaluation while reading constraint file [/home/jens/Xilinx/EOS_opdracht_2020/DEEL1/DEEL1.srcs/constrs/new/main.xdc] and the design contains unresolved black boxes. These constraints will be read post-synthesis (as long as their source constraint file is marked as used_in_implementation) and should be applied correctly then. You should review the constraints listed in the file [.Xil/design_1_wrapper_propImpl.xdc] and check the run log file to verify that these constraints were correctly applied.
INFO: [Project 1-236] Implementation specific constraints were found while reading constraint file [/home/jens/Xilinx/EOS_opdracht_2020/DEEL1/DEEL1.srcs/constrs/new/main.xdc]. These constraints will be ignored for synthesis but will be used in implementation. Impacted constraints are listed in the file [.Xil/design_1_wrapper_propImpl.xdc].
Resolution: To avoid this warning, move constraints listed in [.Xil/design_1_wrapper_propImpl.xdc] to another XDC file and exclude this new file from synthesis with the used_in_synthesis property (File Properties dialog in GUI) and re-run elaboration/synthesis.
Parsing XDC File [/home/jens/Xilinx/EOS_opdracht_2020/DEEL1/DEEL1.runs/synth_1/dont_touch.xdc]
Finished Parsing XDC File [/home/jens/Xilinx/EOS_opdracht_2020/DEEL1/DEEL1.runs/synth_1/dont_touch.xdc]
Completed Processing XDC Constraints

Netlist sorting complete. Time (s): cpu = 00:00:00 ; elapsed = 00:00:00 . Memory (MB): peak = 2236.965 ; gain = 0.000 ; free physical = 14406 ; free virtual = 27183
INFO: [Project 1-111] Unisim Transformation Summary:
No Unisim elements were transformed.

Constraint Validation Runtime : Time (s): cpu = 00:00:00 ; elapsed = 00:00:00 . Memory (MB): peak = 2236.965 ; gain = 0.000 ; free physical = 14407 ; free virtual = 27184
---------------------------------------------------------------------------------
Finished Constraint Validation : Time (s): cpu = 00:00:07 ; elapsed = 00:00:09 . Memory (MB): peak = 2236.965 ; gain = 82.793 ; free physical = 14475 ; free virtual = 27252
---------------------------------------------------------------------------------
---------------------------------------------------------------------------------
Start Loading Part and Timing Information
---------------------------------------------------------------------------------
Loading part: xc7z007sclg225-1
---------------------------------------------------------------------------------
Finished Loading Part and Timing Information : Time (s): cpu = 00:00:07 ; elapsed = 00:00:09 . Memory (MB): peak = 2236.965 ; gain = 82.793 ; free physical = 14478 ; free virtual = 27256
---------------------------------------------------------------------------------
---------------------------------------------------------------------------------
Start Applying 'set_property' XDC Constraints
---------------------------------------------------------------------------------
Applied set_property IO_BUFFER_TYPE = NONE for DDR_0_addr[0]. (constraint file  /home/jens/Xilinx/EOS_opdracht_2020/DEEL1/DEEL1.srcs/sources_1/bd/design_1/ip/design_1_processing_system7_0_1/design_1_processing_system7_0_1/design_1_processing_system7_0_1_in_context.xdc, line 5).
Applied set_property CLOCK_BUFFER_TYPE = NONE for DDR_0_addr[0]. (constraint file  /home/jens/Xilinx/EOS_opdracht_2020/DEEL1/DEEL1.srcs/sources_1/bd/design_1/ip/design_1_processing_system7_0_1/design_1_processing_system7_0_1/design_1_processing_system7_0_1_in_context.xdc, line 6).
Applied set_property IO_BUFFER_TYPE = NONE for DDR_0_addr[10]. (constraint file  /home/jens/Xilinx/EOS_opdracht_2020/DEEL1/DEEL1.srcs/sources_1/bd/design_1/ip/design_1_processing_system7_0_1/design_1_processing_system7_0_1/design_1_processing_system7_0_1_in_context.xdc, line 7).
Applied set_property CLOCK_BUFFER_TYPE = NONE for DDR_0_addr[10]. (constraint file  /home/jens/Xilinx/EOS_opdracht_2020/DEEL1/DEEL1.srcs/sources_1/bd/design_1/ip/design_1_processing_system7_0_1/design_1_processing_system7_0_1/design_1_processing_system7_0_1_in_context.xdc, line 8).
Applied set_property IO_BUFFER_TYPE = NONE for DDR_0_addr[11]. (constraint file  /home/jens/Xilinx/EOS_opdracht_2020/DEEL1/DEEL1.srcs/sources_1/bd/design_1/ip/design_1_processing_system7_0_1/design_1_processing_system7_0_1/design_1_processing_system7_0_1_in_context.xdc, line 9).
Applied set_property CLOCK_BUFFER_TYPE = NONE for DDR_0_addr[11]. (constraint file  /home/jens/Xilinx/EOS_opdracht_2020/DEEL1/DEEL1.srcs/sources_1/bd/design_1/ip/design_1_processing_system7_0_1/design_1_processing_system7_0_1/design_1_processing_system7_0_1_in_context.xdc, line 10).
Applied set_property IO_BUFFER_TYPE = NONE for DDR_0_addr[12]. (constraint file  /home/jens/Xilinx/EOS_opdracht_2020/DEEL1/DEEL1.srcs/sources_1/bd/design_1/ip/design_1_processing_system7_0_1/design_1_processing_system7_0_1/design_1_processing_system7_0_1_in_context.xdc, line 11).
Applied set_property CLOCK_BUFFER_TYPE = NONE for DDR_0_addr[12]. (constraint file  /home/jens/Xilinx/EOS_opdracht_2020/DEEL1/DEEL1.srcs/sources_1/bd/design_1/ip/design_1_processing_system7_0_1/design_1_processing_system7_0_1/design_1_processing_system7_0_1_in_context.xdc, line 12).
Applied set_property IO_BUFFER_TYPE = NONE for DDR_0_addr[13]. (constraint file  /home/jens/Xilinx/EOS_opdracht_2020/DEEL1/DEEL1.srcs/sources_1/bd/design_1/ip/design_1_processing_system7_0_1/design_1_processing_system7_0_1/design_1_processing_system7_0_1_in_context.xdc, line 13).
Applied set_property CLOCK_BUFFER_TYPE = NONE for DDR_0_addr[13]. (constraint file  /home/jens/Xilinx/EOS_opdracht_2020/DEEL1/DEEL1.srcs/sources_1/bd/design_1/ip/design_1_processing_system7_0_1/design_1_processing_system7_0_1/design_1_processing_system7_0_1_in_context.xdc, line 14).
Applied set_property IO_BUFFER_TYPE = NONE for DDR_0_addr[14]. (constraint file  /home/jens/Xilinx/EOS_opdracht_2020/DEEL1/DEEL1.srcs/sources_1/bd/design_1/ip/design_1_processing_system7_0_1/design_1_processing_system7_0_1/design_1_processing_system7_0_1_in_context.xdc, line 15).
Applied set_property CLOCK_BUFFER_TYPE = NONE for DDR_0_addr[14]. (constraint file  /home/jens/Xilinx/EOS_opdracht_2020/DEEL1/DEEL1.srcs/sources_1/bd/design_1/ip/design_1_processing_system7_0_1/design_1_processing_system7_0_1/design_1_processing_system7_0_1_in_context.xdc, line 16).
Applied set_property IO_BUFFER_TYPE = NONE for DDR_0_addr[1]. (constraint file  /home/jens/Xilinx/EOS_opdracht_2020/DEEL1/DEEL1.srcs/sources_1/bd/design_1/ip/design_1_processing_system7_0_1/design_1_processing_system7_0_1/design_1_processing_system7_0_1_in_context.xdc, line 17).
Applied set_property CLOCK_BUFFER_TYPE = NONE for DDR_0_addr[1]. (constraint file  /home/jens/Xilinx/EOS_opdracht_2020/DEEL1/DEEL1.srcs/sources_1/bd/design_1/ip/design_1_processing_system7_0_1/design_1_processing_system7_0_1/design_1_processing_system7_0_1_in_context.xdc, line 18).
Applied set_property IO_BUFFER_TYPE = NONE for DDR_0_addr[2]. (constraint file  /home/jens/Xilinx/EOS_opdracht_2020/DEEL1/DEEL1.srcs/sources_1/bd/design_1/ip/design_1_processing_system7_0_1/design_1_processing_system7_0_1/design_1_processing_system7_0_1_in_context.xdc, line 19).
Applied set_property CLOCK_BUFFER_TYPE = NONE for DDR_0_addr[2]. (constraint file  /home/jens/Xilinx/EOS_opdracht_2020/DEEL1/DEEL1.srcs/sources_1/bd/design_1/ip/design_1_processing_system7_0_1/design_1_processing_system7_0_1/design_1_processing_system7_0_1_in_context.xdc, line 20).
Applied set_property IO_BUFFER_TYPE = NONE for DDR_0_addr[3]. (constraint file  /home/jens/Xilinx/EOS_opdracht_2020/DEEL1/DEEL1.srcs/sources_1/bd/design_1/ip/design_1_processing_system7_0_1/design_1_processing_system7_0_1/design_1_processing_system7_0_1_in_context.xdc, line 21).
Applied set_property CLOCK_BUFFER_TYPE = NONE for DDR_0_addr[3]. (constraint file  /home/jens/Xilinx/EOS_opdracht_2020/DEEL1/DEEL1.srcs/sources_1/bd/design_1/ip/design_1_processing_system7_0_1/design_1_processing_system7_0_1/design_1_processing_system7_0_1_in_context.xdc, line 22).
Applied set_property IO_BUFFER_TYPE = NONE for DDR_0_addr[4]. (constraint file  /home/jens/Xilinx/EOS_opdracht_2020/DEEL1/DEEL1.srcs/sources_1/bd/design_1/ip/design_1_processing_system7_0_1/design_1_processing_system7_0_1/design_1_processing_system7_0_1_in_context.xdc, line 23).
Applied set_property CLOCK_BUFFER_TYPE = NONE for DDR_0_addr[4]. (constraint file  /home/jens/Xilinx/EOS_opdracht_2020/DEEL1/DEEL1.srcs/sources_1/bd/design_1/ip/design_1_processing_system7_0_1/design_1_processing_system7_0_1/design_1_processing_system7_0_1_in_context.xdc, line 24).
Applied set_property IO_BUFFER_TYPE = NONE for DDR_0_addr[5]. (constraint file  /home/jens/Xilinx/EOS_opdracht_2020/DEEL1/DEEL1.srcs/sources_1/bd/design_1/ip/design_1_processing_system7_0_1/design_1_processing_system7_0_1/design_1_processing_system7_0_1_in_context.xdc, line 25).
Applied set_property CLOCK_BUFFER_TYPE = NONE for DDR_0_addr[5]. (constraint file  /home/jens/Xilinx/EOS_opdracht_2020/DEEL1/DEEL1.srcs/sources_1/bd/design_1/ip/design_1_processing_system7_0_1/design_1_processing_system7_0_1/design_1_processing_system7_0_1_in_context.xdc, line 26).
Applied set_property IO_BUFFER_TYPE = NONE for DDR_0_addr[6]. (constraint file  /home/jens/Xilinx/EOS_opdracht_2020/DEEL1/DEEL1.srcs/sources_1/bd/design_1/ip/design_1_processing_system7_0_1/design_1_processing_system7_0_1/design_1_processing_system7_0_1_in_context.xdc, line 27).
Applied set_property CLOCK_BUFFER_TYPE = NONE for DDR_0_addr[6]. (constraint file  /home/jens/Xilinx/EOS_opdracht_2020/DEEL1/DEEL1.srcs/sources_1/bd/design_1/ip/design_1_processing_system7_0_1/design_1_processing_system7_0_1/design_1_processing_system7_0_1_in_context.xdc, line 28).
Applied set_property IO_BUFFER_TYPE = NONE for DDR_0_addr[7]. (constraint file  /home/jens/Xilinx/EOS_opdracht_2020/DEEL1/DEEL1.srcs/sources_1/bd/design_1/ip/design_1_processing_system7_0_1/design_1_processing_system7_0_1/design_1_processing_system7_0_1_in_context.xdc, line 29).
Applied set_property CLOCK_BUFFER_TYPE = NONE for DDR_0_addr[7]. (constraint file  /home/jens/Xilinx/EOS_opdracht_2020/DEEL1/DEEL1.srcs/sources_1/bd/design_1/ip/design_1_processing_system7_0_1/design_1_processing_system7_0_1/design_1_processing_system7_0_1_in_context.xdc, line 30).
Applied set_property IO_BUFFER_TYPE = NONE for DDR_0_addr[8]. (constraint file  /home/jens/Xilinx/EOS_opdracht_2020/DEEL1/DEEL1.srcs/sources_1/bd/design_1/ip/design_1_processing_system7_0_1/design_1_processing_system7_0_1/design_1_processing_system7_0_1_in_context.xdc, line 31).
Applied set_property CLOCK_BUFFER_TYPE = NONE for DDR_0_addr[8]. (constraint file  /home/jens/Xilinx/EOS_opdracht_2020/DEEL1/DEEL1.srcs/sources_1/bd/design_1/ip/design_1_processing_system7_0_1/design_1_processing_system7_0_1/design_1_processing_system7_0_1_in_context.xdc, line 32).
Applied set_property IO_BUFFER_TYPE = NONE for DDR_0_addr[9]. (constraint file  /home/jens/Xilinx/EOS_opdracht_2020/DEEL1/DEEL1.srcs/sources_1/bd/design_1/ip/design_1_processing_system7_0_1/design_1_processing_system7_0_1/design_1_processing_system7_0_1_in_context.xdc, line 33).
Applied set_property CLOCK_BUFFER_TYPE = NONE for DDR_0_addr[9]. (constraint file  /home/jens/Xilinx/EOS_opdracht_2020/DEEL1/DEEL1.srcs/sources_1/bd/design_1/ip/design_1_processing_system7_0_1/design_1_processing_system7_0_1/design_1_processing_system7_0_1_in_context.xdc, line 34).
Applied set_property IO_BUFFER_TYPE = NONE for DDR_0_ba[0]. (constraint file  /home/jens/Xilinx/EOS_opdracht_2020/DEEL1/DEEL1.srcs/sources_1/bd/design_1/ip/design_1_processing_system7_0_1/design_1_processing_system7_0_1/design_1_processing_system7_0_1_in_context.xdc, line 35).
Applied set_property CLOCK_BUFFER_TYPE = NONE for DDR_0_ba[0]. (constraint file  /home/jens/Xilinx/EOS_opdracht_2020/DEEL1/DEEL1.srcs/sources_1/bd/design_1/ip/design_1_processing_system7_0_1/design_1_processing_system7_0_1/design_1_processing_system7_0_1_in_context.xdc, line 36).
Applied set_property IO_BUFFER_TYPE = NONE for DDR_0_ba[1]. (constraint file  /home/jens/Xilinx/EOS_opdracht_2020/DEEL1/DEEL1.srcs/sources_1/bd/design_1/ip/design_1_processing_system7_0_1/design_1_processing_system7_0_1/design_1_processing_system7_0_1_in_context.xdc, line 37).
Applied set_property CLOCK_BUFFER_TYPE = NONE for DDR_0_ba[1]. (constraint file  /home/jens/Xilinx/EOS_opdracht_2020/DEEL1/DEEL1.srcs/sources_1/bd/design_1/ip/design_1_processing_system7_0_1/design_1_processing_system7_0_1/design_1_processing_system7_0_1_in_context.xdc, line 38).
Applied set_property IO_BUFFER_TYPE = NONE for DDR_0_ba[2]. (constraint file  /home/jens/Xilinx/EOS_opdracht_2020/DEEL1/DEEL1.srcs/sources_1/bd/design_1/ip/design_1_processing_system7_0_1/design_1_processing_system7_0_1/design_1_processing_system7_0_1_in_context.xdc, line 39).
Applied set_property CLOCK_BUFFER_TYPE = NONE for DDR_0_ba[2]. (constraint file  /home/jens/Xilinx/EOS_opdracht_2020/DEEL1/DEEL1.srcs/sources_1/bd/design_1/ip/design_1_processing_system7_0_1/design_1_processing_system7_0_1/design_1_processing_system7_0_1_in_context.xdc, line 40).
Applied set_property IO_BUFFER_TYPE = NONE for DDR_0_cas_n. (constraint file  /home/jens/Xilinx/EOS_opdracht_2020/DEEL1/DEEL1.srcs/sources_1/bd/design_1/ip/design_1_processing_system7_0_1/design_1_processing_system7_0_1/design_1_processing_system7_0_1_in_context.xdc, line 41).
Applied set_property CLOCK_BUFFER_TYPE = NONE for DDR_0_cas_n. (constraint file  /home/jens/Xilinx/EOS_opdracht_2020/DEEL1/DEEL1.srcs/sources_1/bd/design_1/ip/design_1_processing_system7_0_1/design_1_processing_system7_0_1/design_1_processing_system7_0_1_in_context.xdc, line 42).
Applied set_property IO_BUFFER_TYPE = NONE for DDR_0_cke. (constraint file  /home/jens/Xilinx/EOS_opdracht_2020/DEEL1/DEEL1.srcs/sources_1/bd/design_1/ip/design_1_processing_system7_0_1/design_1_processing_system7_0_1/design_1_processing_system7_0_1_in_context.xdc, line 43).
Applied set_property CLOCK_BUFFER_TYPE = NONE for DDR_0_cke. (constraint file  /home/jens/Xilinx/EOS_opdracht_2020/DEEL1/DEEL1.srcs/sources_1/bd/design_1/ip/design_1_processing_system7_0_1/design_1_processing_system7_0_1/design_1_processing_system7_0_1_in_context.xdc, line 44).
Applied set_property IO_BUFFER_TYPE = NONE for DDR_0_cs_n. (constraint file  /home/jens/Xilinx/EOS_opdracht_2020/DEEL1/DEEL1.srcs/sources_1/bd/design_1/ip/design_1_processing_system7_0_1/design_1_processing_system7_0_1/design_1_processing_system7_0_1_in_context.xdc, line 45).
Applied set_property CLOCK_BUFFER_TYPE = NONE for DDR_0_cs_n. (constraint file  /home/jens/Xilinx/EOS_opdracht_2020/DEEL1/DEEL1.srcs/sources_1/bd/design_1/ip/design_1_processing_system7_0_1/design_1_processing_system7_0_1/design_1_processing_system7_0_1_in_context.xdc, line 46).
Applied set_property IO_BUFFER_TYPE = NONE for DDR_0_ck_p. (constraint file  /home/jens/Xilinx/EOS_opdracht_2020/DEEL1/DEEL1.srcs/sources_1/bd/design_1/ip/design_1_processing_system7_0_1/design_1_processing_system7_0_1/design_1_processing_system7_0_1_in_context.xdc, line 47).
Applied set_property CLOCK_BUFFER_TYPE = NONE for DDR_0_ck_p. (constraint file  /home/jens/Xilinx/EOS_opdracht_2020/DEEL1/DEEL1.srcs/sources_1/bd/design_1/ip/design_1_processing_system7_0_1/design_1_processing_system7_0_1/design_1_processing_system7_0_1_in_context.xdc, line 48).
Applied set_property IO_BUFFER_TYPE = NONE for DDR_0_ck_n. (constraint file  /home/jens/Xilinx/EOS_opdracht_2020/DEEL1/DEEL1.srcs/sources_1/bd/design_1/ip/design_1_processing_system7_0_1/design_1_processing_system7_0_1/design_1_processing_system7_0_1_in_context.xdc, line 49).
Applied set_property CLOCK_BUFFER_TYPE = NONE for DDR_0_ck_n. (constraint file  /home/jens/Xilinx/EOS_opdracht_2020/DEEL1/DEEL1.srcs/sources_1/bd/design_1/ip/design_1_processing_system7_0_1/design_1_processing_system7_0_1/design_1_processing_system7_0_1_in_context.xdc, line 50).
Applied set_property IO_BUFFER_TYPE = NONE for DDR_0_dm[0]. (constraint file  /home/jens/Xilinx/EOS_opdracht_2020/DEEL1/DEEL1.srcs/sources_1/bd/design_1/ip/design_1_processing_system7_0_1/design_1_processing_system7_0_1/design_1_processing_system7_0_1_in_context.xdc, line 51).
Applied set_property CLOCK_BUFFER_TYPE = NONE for DDR_0_dm[0]. (constraint file  /home/jens/Xilinx/EOS_opdracht_2020/DEEL1/DEEL1.srcs/sources_1/bd/design_1/ip/design_1_processing_system7_0_1/design_1_processing_system7_0_1/design_1_processing_system7_0_1_in_context.xdc, line 52).
Applied set_property IO_BUFFER_TYPE = NONE for DDR_0_dm[1]. (constraint file  /home/jens/Xilinx/EOS_opdracht_2020/DEEL1/DEEL1.srcs/sources_1/bd/design_1/ip/design_1_processing_system7_0_1/design_1_processing_system7_0_1/design_1_processing_system7_0_1_in_context.xdc, line 53).
Applied set_property CLOCK_BUFFER_TYPE = NONE for DDR_0_dm[1]. (constraint file  /home/jens/Xilinx/EOS_opdracht_2020/DEEL1/DEEL1.srcs/sources_1/bd/design_1/ip/design_1_processing_system7_0_1/design_1_processing_system7_0_1/design_1_processing_system7_0_1_in_context.xdc, line 54).
Applied set_property IO_BUFFER_TYPE = NONE for DDR_0_dqs_p[0]. (constraint file  /home/jens/Xilinx/EOS_opdracht_2020/DEEL1/DEEL1.srcs/sources_1/bd/design_1/ip/design_1_processing_system7_0_1/design_1_processing_system7_0_1/design_1_processing_system7_0_1_in_context.xdc, line 55).
Applied set_property CLOCK_BUFFER_TYPE = NONE for DDR_0_dqs_p[0]. (constraint file  /home/jens/Xilinx/EOS_opdracht_2020/DEEL1/DEEL1.srcs/sources_1/bd/design_1/ip/design_1_processing_system7_0_1/design_1_processing_system7_0_1/design_1_processing_system7_0_1_in_context.xdc, line 56).
Applied set_property IO_BUFFER_TYPE = NONE for DDR_0_dqs_p[1]. (constraint file  /home/jens/Xilinx/EOS_opdracht_2020/DEEL1/DEEL1.srcs/sources_1/bd/design_1/ip/design_1_processing_system7_0_1/design_1_processing_system7_0_1/design_1_processing_system7_0_1_in_context.xdc, line 57).
Applied set_property CLOCK_BUFFER_TYPE = NONE for DDR_0_dqs_p[1]. (constraint file  /home/jens/Xilinx/EOS_opdracht_2020/DEEL1/DEEL1.srcs/sources_1/bd/design_1/ip/design_1_processing_system7_0_1/design_1_processing_system7_0_1/design_1_processing_system7_0_1_in_context.xdc, line 58).
Applied set_property IO_BUFFER_TYPE = NONE for DDR_0_dqs_n[0]. (constraint file  /home/jens/Xilinx/EOS_opdracht_2020/DEEL1/DEEL1.srcs/sources_1/bd/design_1/ip/design_1_processing_system7_0_1/design_1_processing_system7_0_1/design_1_processing_system7_0_1_in_context.xdc, line 59).
Applied set_property CLOCK_BUFFER_TYPE = NONE for DDR_0_dqs_n[0]. (constraint file  /home/jens/Xilinx/EOS_opdracht_2020/DEEL1/DEEL1.srcs/sources_1/bd/design_1/ip/design_1_processing_system7_0_1/design_1_processing_system7_0_1/design_1_processing_system7_0_1_in_context.xdc, line 60).
Applied set_property IO_BUFFER_TYPE = NONE for DDR_0_dqs_n[1]. (constraint file  /home/jens/Xilinx/EOS_opdracht_2020/DEEL1/DEEL1.srcs/sources_1/bd/design_1/ip/design_1_processing_system7_0_1/design_1_processing_system7_0_1/design_1_processing_system7_0_1_in_context.xdc, line 61).
Applied set_property CLOCK_BUFFER_TYPE = NONE for DDR_0_dqs_n[1]. (constraint file  /home/jens/Xilinx/EOS_opdracht_2020/DEEL1/DEEL1.srcs/sources_1/bd/design_1/ip/design_1_processing_system7_0_1/design_1_processing_system7_0_1/design_1_processing_system7_0_1_in_context.xdc, line 62).
Applied set_property IO_BUFFER_TYPE = NONE for DDR_0_dq[0]. (constraint file  /home/jens/Xilinx/EOS_opdracht_2020/DEEL1/DEEL1.srcs/sources_1/bd/design_1/ip/design_1_processing_system7_0_1/design_1_processing_system7_0_1/design_1_processing_system7_0_1_in_context.xdc, line 63).
Applied set_property CLOCK_BUFFER_TYPE = NONE for DDR_0_dq[0]. (constraint file  /home/jens/Xilinx/EOS_opdracht_2020/DEEL1/DEEL1.srcs/sources_1/bd/design_1/ip/design_1_processing_system7_0_1/design_1_processing_system7_0_1/design_1_processing_system7_0_1_in_context.xdc, line 64).
Applied set_property IO_BUFFER_TYPE = NONE for DDR_0_dq[10]. (constraint file  /home/jens/Xilinx/EOS_opdracht_2020/DEEL1/DEEL1.srcs/sources_1/bd/design_1/ip/design_1_processing_system7_0_1/design_1_processing_system7_0_1/design_1_processing_system7_0_1_in_context.xdc, line 65).
Applied set_property CLOCK_BUFFER_TYPE = NONE for DDR_0_dq[10]. (constraint file  /home/jens/Xilinx/EOS_opdracht_2020/DEEL1/DEEL1.srcs/sources_1/bd/design_1/ip/design_1_processing_system7_0_1/design_1_processing_system7_0_1/design_1_processing_system7_0_1_in_context.xdc, line 66).
Applied set_property IO_BUFFER_TYPE = NONE for DDR_0_dq[11]. (constraint file  /home/jens/Xilinx/EOS_opdracht_2020/DEEL1/DEEL1.srcs/sources_1/bd/design_1/ip/design_1_processing_system7_0_1/design_1_processing_system7_0_1/design_1_processing_system7_0_1_in_context.xdc, line 67).
Applied set_property CLOCK_BUFFER_TYPE = NONE for DDR_0_dq[11]. (constraint file  /home/jens/Xilinx/EOS_opdracht_2020/DEEL1/DEEL1.srcs/sources_1/bd/design_1/ip/design_1_processing_system7_0_1/design_1_processing_system7_0_1/design_1_processing_system7_0_1_in_context.xdc, line 68).
Applied set_property IO_BUFFER_TYPE = NONE for DDR_0_dq[12]. (constraint file  /home/jens/Xilinx/EOS_opdracht_2020/DEEL1/DEEL1.srcs/sources_1/bd/design_1/ip/design_1_processing_system7_0_1/design_1_processing_system7_0_1/design_1_processing_system7_0_1_in_context.xdc, line 69).
Applied set_property CLOCK_BUFFER_TYPE = NONE for DDR_0_dq[12]. (constraint file  /home/jens/Xilinx/EOS_opdracht_2020/DEEL1/DEEL1.srcs/sources_1/bd/design_1/ip/design_1_processing_system7_0_1/design_1_processing_system7_0_1/design_1_processing_system7_0_1_in_context.xdc, line 70).
Applied set_property IO_BUFFER_TYPE = NONE for DDR_0_dq[13]. (constraint file  /home/jens/Xilinx/EOS_opdracht_2020/DEEL1/DEEL1.srcs/sources_1/bd/design_1/ip/design_1_processing_system7_0_1/design_1_processing_system7_0_1/design_1_processing_system7_0_1_in_context.xdc, line 71).
Applied set_property CLOCK_BUFFER_TYPE = NONE for DDR_0_dq[13]. (constraint file  /home/jens/Xilinx/EOS_opdracht_2020/DEEL1/DEEL1.srcs/sources_1/bd/design_1/ip/design_1_processing_system7_0_1/design_1_processing_system7_0_1/design_1_processing_system7_0_1_in_context.xdc, line 72).
Applied set_property IO_BUFFER_TYPE = NONE for DDR_0_dq[14]. (constraint file  /home/jens/Xilinx/EOS_opdracht_2020/DEEL1/DEEL1.srcs/sources_1/bd/design_1/ip/design_1_processing_system7_0_1/design_1_processing_system7_0_1/design_1_processing_system7_0_1_in_context.xdc, line 73).
Applied set_property CLOCK_BUFFER_TYPE = NONE for DDR_0_dq[14]. (constraint file  /home/jens/Xilinx/EOS_opdracht_2020/DEEL1/DEEL1.srcs/sources_1/bd/design_1/ip/design_1_processing_system7_0_1/design_1_processing_system7_0_1/design_1_processing_system7_0_1_in_context.xdc, line 74).
Applied set_property IO_BUFFER_TYPE = NONE for DDR_0_dq[15]. (constraint file  /home/jens/Xilinx/EOS_opdracht_2020/DEEL1/DEEL1.srcs/sources_1/bd/design_1/ip/design_1_processing_system7_0_1/design_1_processing_system7_0_1/design_1_processing_system7_0_1_in_context.xdc, line 75).
Applied set_property CLOCK_BUFFER_TYPE = NONE for DDR_0_dq[15]. (constraint file  /home/jens/Xilinx/EOS_opdracht_2020/DEEL1/DEEL1.srcs/sources_1/bd/design_1/ip/design_1_processing_system7_0_1/design_1_processing_system7_0_1/design_1_processing_system7_0_1_in_context.xdc, line 76).
Applied set_property IO_BUFFER_TYPE = NONE for DDR_0_dq[1]. (constraint file  /home/jens/Xilinx/EOS_opdracht_2020/DEEL1/DEEL1.srcs/sources_1/bd/design_1/ip/design_1_processing_system7_0_1/design_1_processing_system7_0_1/design_1_processing_system7_0_1_in_context.xdc, line 77).
Applied set_property CLOCK_BUFFER_TYPE = NONE for DDR_0_dq[1]. (constraint file  /home/jens/Xilinx/EOS_opdracht_2020/DEEL1/DEEL1.srcs/sources_1/bd/design_1/ip/design_1_processing_system7_0_1/design_1_processing_system7_0_1/design_1_processing_system7_0_1_in_context.xdc, line 78).
Applied set_property IO_BUFFER_TYPE = NONE for DDR_0_dq[2]. (constraint file  /home/jens/Xilinx/EOS_opdracht_2020/DEEL1/DEEL1.srcs/sources_1/bd/design_1/ip/design_1_processing_system7_0_1/design_1_processing_system7_0_1/design_1_processing_system7_0_1_in_context.xdc, line 79).
Applied set_property CLOCK_BUFFER_TYPE = NONE for DDR_0_dq[2]. (constraint file  /home/jens/Xilinx/EOS_opdracht_2020/DEEL1/DEEL1.srcs/sources_1/bd/design_1/ip/design_1_processing_system7_0_1/design_1_processing_system7_0_1/design_1_processing_system7_0_1_in_context.xdc, line 80).
Applied set_property IO_BUFFER_TYPE = NONE for DDR_0_dq[3]. (constraint file  /home/jens/Xilinx/EOS_opdracht_2020/DEEL1/DEEL1.srcs/sources_1/bd/design_1/ip/design_1_processing_system7_0_1/design_1_processing_system7_0_1/design_1_processing_system7_0_1_in_context.xdc, line 81).
Applied set_property CLOCK_BUFFER_TYPE = NONE for DDR_0_dq[3]. (constraint file  /home/jens/Xilinx/EOS_opdracht_2020/DEEL1/DEEL1.srcs/sources_1/bd/design_1/ip/design_1_processing_system7_0_1/design_1_processing_system7_0_1/design_1_processing_system7_0_1_in_context.xdc, line 82).
Applied set_property IO_BUFFER_TYPE = NONE for DDR_0_dq[4]. (constraint file  /home/jens/Xilinx/EOS_opdracht_2020/DEEL1/DEEL1.srcs/sources_1/bd/design_1/ip/design_1_processing_system7_0_1/design_1_processing_system7_0_1/design_1_processing_system7_0_1_in_context.xdc, line 83).
Applied set_property CLOCK_BUFFER_TYPE = NONE for DDR_0_dq[4]. (constraint file  /home/jens/Xilinx/EOS_opdracht_2020/DEEL1/DEEL1.srcs/sources_1/bd/design_1/ip/design_1_processing_system7_0_1/design_1_processing_system7_0_1/design_1_processing_system7_0_1_in_context.xdc, line 84).
Applied set_property IO_BUFFER_TYPE = NONE for DDR_0_dq[5]. (constraint file  /home/jens/Xilinx/EOS_opdracht_2020/DEEL1/DEEL1.srcs/sources_1/bd/design_1/ip/design_1_processing_system7_0_1/design_1_processing_system7_0_1/design_1_processing_system7_0_1_in_context.xdc, line 85).
Applied set_property CLOCK_BUFFER_TYPE = NONE for DDR_0_dq[5]. (constraint file  /home/jens/Xilinx/EOS_opdracht_2020/DEEL1/DEEL1.srcs/sources_1/bd/design_1/ip/design_1_processing_system7_0_1/design_1_processing_system7_0_1/design_1_processing_system7_0_1_in_context.xdc, line 86).
Applied set_property IO_BUFFER_TYPE = NONE for DDR_0_dq[6]. (constraint file  /home/jens/Xilinx/EOS_opdracht_2020/DEEL1/DEEL1.srcs/sources_1/bd/design_1/ip/design_1_processing_system7_0_1/design_1_processing_system7_0_1/design_1_processing_system7_0_1_in_context.xdc, line 87).
Applied set_property CLOCK_BUFFER_TYPE = NONE for DDR_0_dq[6]. (constraint file  /home/jens/Xilinx/EOS_opdracht_2020/DEEL1/DEEL1.srcs/sources_1/bd/design_1/ip/design_1_processing_system7_0_1/design_1_processing_system7_0_1/design_1_processing_system7_0_1_in_context.xdc, line 88).
Applied set_property IO_BUFFER_TYPE = NONE for DDR_0_dq[7]. (constraint file  /home/jens/Xilinx/EOS_opdracht_2020/DEEL1/DEEL1.srcs/sources_1/bd/design_1/ip/design_1_processing_system7_0_1/design_1_processing_system7_0_1/design_1_processing_system7_0_1_in_context.xdc, line 89).
Applied set_property CLOCK_BUFFER_TYPE = NONE for DDR_0_dq[7]. (constraint file  /home/jens/Xilinx/EOS_opdracht_2020/DEEL1/DEEL1.srcs/sources_1/bd/design_1/ip/design_1_processing_system7_0_1/design_1_processing_system7_0_1/design_1_processing_system7_0_1_in_context.xdc, line 90).
Applied set_property IO_BUFFER_TYPE = NONE for DDR_0_dq[8]. (constraint file  /home/jens/Xilinx/EOS_opdracht_2020/DEEL1/DEEL1.srcs/sources_1/bd/design_1/ip/design_1_processing_system7_0_1/design_1_processing_system7_0_1/design_1_processing_system7_0_1_in_context.xdc, line 91).
Applied set_property CLOCK_BUFFER_TYPE = NONE for DDR_0_dq[8]. (constraint file  /home/jens/Xilinx/EOS_opdracht_2020/DEEL1/DEEL1.srcs/sources_1/bd/design_1/ip/design_1_processing_system7_0_1/design_1_processing_system7_0_1/design_1_processing_system7_0_1_in_context.xdc, line 92).
Applied set_property IO_BUFFER_TYPE = NONE for DDR_0_dq[9]. (constraint file  /home/jens/Xilinx/EOS_opdracht_2020/DEEL1/DEEL1.srcs/sources_1/bd/design_1/ip/design_1_processing_system7_0_1/design_1_processing_system7_0_1/design_1_processing_system7_0_1_in_context.xdc, line 93).
Applied set_property CLOCK_BUFFER_TYPE = NONE for DDR_0_dq[9]. (constraint file  /home/jens/Xilinx/EOS_opdracht_2020/DEEL1/DEEL1.srcs/sources_1/bd/design_1/ip/design_1_processing_system7_0_1/design_1_processing_system7_0_1/design_1_processing_system7_0_1_in_context.xdc, line 94).
Applied set_property IO_BUFFER_TYPE = NONE for DDR_0_reset_n. (constraint file  /home/jens/Xilinx/EOS_opdracht_2020/DEEL1/DEEL1.srcs/sources_1/bd/design_1/ip/design_1_processing_system7_0_1/design_1_processing_system7_0_1/design_1_processing_system7_0_1_in_context.xdc, line 95).
Applied set_property CLOCK_BUFFER_TYPE = NONE for DDR_0_reset_n. (constraint file  /home/jens/Xilinx/EOS_opdracht_2020/DEEL1/DEEL1.srcs/sources_1/bd/design_1/ip/design_1_processing_system7_0_1/design_1_processing_system7_0_1/design_1_processing_system7_0_1_in_context.xdc, line 96).
Applied set_property IO_BUFFER_TYPE = NONE for DDR_0_odt. (constraint file  /home/jens/Xilinx/EOS_opdracht_2020/DEEL1/DEEL1.srcs/sources_1/bd/design_1/ip/design_1_processing_system7_0_1/design_1_processing_system7_0_1/design_1_processing_system7_0_1_in_context.xdc, line 97).
Applied set_property CLOCK_BUFFER_TYPE = NONE for DDR_0_odt. (constraint file  /home/jens/Xilinx/EOS_opdracht_2020/DEEL1/DEEL1.srcs/sources_1/bd/design_1/ip/design_1_processing_system7_0_1/design_1_processing_system7_0_1/design_1_processing_system7_0_1_in_context.xdc, line 98).
Applied set_property IO_BUFFER_TYPE = NONE for DDR_0_ras_n. (constraint file  /home/jens/Xilinx/EOS_opdracht_2020/DEEL1/DEEL1.srcs/sources_1/bd/design_1/ip/design_1_processing_system7_0_1/design_1_processing_system7_0_1/design_1_processing_system7_0_1_in_context.xdc, line 99).
Applied set_property CLOCK_BUFFER_TYPE = NONE for DDR_0_ras_n. (constraint file  /home/jens/Xilinx/EOS_opdracht_2020/DEEL1/DEEL1.srcs/sources_1/bd/design_1/ip/design_1_processing_system7_0_1/design_1_processing_system7_0_1/design_1_processing_system7_0_1_in_context.xdc, line 100).
Applied set_property IO_BUFFER_TYPE = NONE for FIXED_IO_0_ddr_vrn. (constraint file  /home/jens/Xilinx/EOS_opdracht_2020/DEEL1/DEEL1.srcs/sources_1/bd/design_1/ip/design_1_processing_system7_0_1/design_1_processing_system7_0_1/design_1_processing_system7_0_1_in_context.xdc, line 101).
Applied set_property CLOCK_BUFFER_TYPE = NONE for FIXED_IO_0_ddr_vrn. (constraint file  /home/jens/Xilinx/EOS_opdracht_2020/DEEL1/DEEL1.srcs/sources_1/bd/design_1/ip/design_1_processing_system7_0_1/design_1_processing_system7_0_1/design_1_processing_system7_0_1_in_context.xdc, line 102).
Applied set_property IO_BUFFER_TYPE = NONE for FIXED_IO_0_ddr_vrp. (constraint file  /home/jens/Xilinx/EOS_opdracht_2020/DEEL1/DEEL1.srcs/sources_1/bd/design_1/ip/design_1_processing_system7_0_1/design_1_processing_system7_0_1/design_1_processing_system7_0_1_in_context.xdc, line 103).
Applied set_property CLOCK_BUFFER_TYPE = NONE for FIXED_IO_0_ddr_vrp. (constraint file  /home/jens/Xilinx/EOS_opdracht_2020/DEEL1/DEEL1.srcs/sources_1/bd/design_1/ip/design_1_processing_system7_0_1/design_1_processing_system7_0_1/design_1_processing_system7_0_1_in_context.xdc, line 104).
Applied set_property IO_BUFFER_TYPE = NONE for DDR_0_we_n. (constraint file  /home/jens/Xilinx/EOS_opdracht_2020/DEEL1/DEEL1.srcs/sources_1/bd/design_1/ip/design_1_processing_system7_0_1/design_1_processing_system7_0_1/design_1_processing_system7_0_1_in_context.xdc, line 105).
Applied set_property CLOCK_BUFFER_TYPE = NONE for DDR_0_we_n. (constraint file  /home/jens/Xilinx/EOS_opdracht_2020/DEEL1/DEEL1.srcs/sources_1/bd/design_1/ip/design_1_processing_system7_0_1/design_1_processing_system7_0_1/design_1_processing_system7_0_1_in_context.xdc, line 106).
Applied set_property IO_BUFFER_TYPE = NONE for FIXED_IO_0_mio[0]. (constraint file  /home/jens/Xilinx/EOS_opdracht_2020/DEEL1/DEEL1.srcs/sources_1/bd/design_1/ip/design_1_processing_system7_0_1/design_1_processing_system7_0_1/design_1_processing_system7_0_1_in_context.xdc, line 107).
Applied set_property CLOCK_BUFFER_TYPE = NONE for FIXED_IO_0_mio[0]. (constraint file  /home/jens/Xilinx/EOS_opdracht_2020/DEEL1/DEEL1.srcs/sources_1/bd/design_1/ip/design_1_processing_system7_0_1/design_1_processing_system7_0_1/design_1_processing_system7_0_1_in_context.xdc, line 108).
Applied set_property IO_BUFFER_TYPE = NONE for FIXED_IO_0_mio[10]. (constraint file  /home/jens/Xilinx/EOS_opdracht_2020/DEEL1/DEEL1.srcs/sources_1/bd/design_1/ip/design_1_processing_system7_0_1/design_1_processing_system7_0_1/design_1_processing_system7_0_1_in_context.xdc, line 109).
Applied set_property CLOCK_BUFFER_TYPE = NONE for FIXED_IO_0_mio[10]. (constraint file  /home/jens/Xilinx/EOS_opdracht_2020/DEEL1/DEEL1.srcs/sources_1/bd/design_1/ip/design_1_processing_system7_0_1/design_1_processing_system7_0_1/design_1_processing_system7_0_1_in_context.xdc, line 110).
Applied set_property IO_BUFFER_TYPE = NONE for FIXED_IO_0_mio[11]. (constraint file  /home/jens/Xilinx/EOS_opdracht_2020/DEEL1/DEEL1.srcs/sources_1/bd/design_1/ip/design_1_processing_system7_0_1/design_1_processing_system7_0_1/design_1_processing_system7_0_1_in_context.xdc, line 111).
Applied set_property CLOCK_BUFFER_TYPE = NONE for FIXED_IO_0_mio[11]. (constraint file  /home/jens/Xilinx/EOS_opdracht_2020/DEEL1/DEEL1.srcs/sources_1/bd/design_1/ip/design_1_processing_system7_0_1/design_1_processing_system7_0_1/design_1_processing_system7_0_1_in_context.xdc, line 112).
Applied set_property IO_BUFFER_TYPE = NONE for FIXED_IO_0_mio[12]. (constraint file  /home/jens/Xilinx/EOS_opdracht_2020/DEEL1/DEEL1.srcs/sources_1/bd/design_1/ip/design_1_processing_system7_0_1/design_1_processing_system7_0_1/design_1_processing_system7_0_1_in_context.xdc, line 113).
Applied set_property CLOCK_BUFFER_TYPE = NONE for FIXED_IO_0_mio[12]. (constraint file  /home/jens/Xilinx/EOS_opdracht_2020/DEEL1/DEEL1.srcs/sources_1/bd/design_1/ip/design_1_processing_system7_0_1/design_1_processing_system7_0_1/design_1_processing_system7_0_1_in_context.xdc, line 114).
Applied set_property IO_BUFFER_TYPE = NONE for FIXED_IO_0_mio[13]. (constraint file  /home/jens/Xilinx/EOS_opdracht_2020/DEEL1/DEEL1.srcs/sources_1/bd/design_1/ip/design_1_processing_system7_0_1/design_1_processing_system7_0_1/design_1_processing_system7_0_1_in_context.xdc, line 115).
Applied set_property CLOCK_BUFFER_TYPE = NONE for FIXED_IO_0_mio[13]. (constraint file  /home/jens/Xilinx/EOS_opdracht_2020/DEEL1/DEEL1.srcs/sources_1/bd/design_1/ip/design_1_processing_system7_0_1/design_1_processing_system7_0_1/design_1_processing_system7_0_1_in_context.xdc, line 116).
Applied set_property IO_BUFFER_TYPE = NONE for FIXED_IO_0_mio[14]. (constraint file  /home/jens/Xilinx/EOS_opdracht_2020/DEEL1/DEEL1.srcs/sources_1/bd/design_1/ip/design_1_processing_system7_0_1/design_1_processing_system7_0_1/design_1_processing_system7_0_1_in_context.xdc, line 117).
Applied set_property CLOCK_BUFFER_TYPE = NONE for FIXED_IO_0_mio[14]. (constraint file  /home/jens/Xilinx/EOS_opdracht_2020/DEEL1/DEEL1.srcs/sources_1/bd/design_1/ip/design_1_processing_system7_0_1/design_1_processing_system7_0_1/design_1_processing_system7_0_1_in_context.xdc, line 118).
Applied set_property IO_BUFFER_TYPE = NONE for FIXED_IO_0_mio[15]. (constraint file  /home/jens/Xilinx/EOS_opdracht_2020/DEEL1/DEEL1.srcs/sources_1/bd/design_1/ip/design_1_processing_system7_0_1/design_1_processing_system7_0_1/design_1_processing_system7_0_1_in_context.xdc, line 119).
Applied set_property CLOCK_BUFFER_TYPE = NONE for FIXED_IO_0_mio[15]. (constraint file  /home/jens/Xilinx/EOS_opdracht_2020/DEEL1/DEEL1.srcs/sources_1/bd/design_1/ip/design_1_processing_system7_0_1/design_1_processing_system7_0_1/design_1_processing_system7_0_1_in_context.xdc, line 120).
Applied set_property IO_BUFFER_TYPE = NONE for FIXED_IO_0_mio[16]. (constraint file  /home/jens/Xilinx/EOS_opdracht_2020/DEEL1/DEEL1.srcs/sources_1/bd/design_1/ip/design_1_processing_system7_0_1/design_1_processing_system7_0_1/design_1_processing_system7_0_1_in_context.xdc, line 121).
Applied set_property CLOCK_BUFFER_TYPE = NONE for FIXED_IO_0_mio[16]. (constraint file  /home/jens/Xilinx/EOS_opdracht_2020/DEEL1/DEEL1.srcs/sources_1/bd/design_1/ip/design_1_processing_system7_0_1/design_1_processing_system7_0_1/design_1_processing_system7_0_1_in_context.xdc, line 122).
Applied set_property IO_BUFFER_TYPE = NONE for FIXED_IO_0_mio[17]. (constraint file  /home/jens/Xilinx/EOS_opdracht_2020/DEEL1/DEEL1.srcs/sources_1/bd/design_1/ip/design_1_processing_system7_0_1/design_1_processing_system7_0_1/design_1_processing_system7_0_1_in_context.xdc, line 123).
Applied set_property CLOCK_BUFFER_TYPE = NONE for FIXED_IO_0_mio[17]. (constraint file  /home/jens/Xilinx/EOS_opdracht_2020/DEEL1/DEEL1.srcs/sources_1/bd/design_1/ip/design_1_processing_system7_0_1/design_1_processing_system7_0_1/design_1_processing_system7_0_1_in_context.xdc, line 124).
Applied set_property IO_BUFFER_TYPE = NONE for FIXED_IO_0_mio[18]. (constraint file  /home/jens/Xilinx/EOS_opdracht_2020/DEEL1/DEEL1.srcs/sources_1/bd/design_1/ip/design_1_processing_system7_0_1/design_1_processing_system7_0_1/design_1_processing_system7_0_1_in_context.xdc, line 125).
Applied set_property CLOCK_BUFFER_TYPE = NONE for FIXED_IO_0_mio[18]. (constraint file  /home/jens/Xilinx/EOS_opdracht_2020/DEEL1/DEEL1.srcs/sources_1/bd/design_1/ip/design_1_processing_system7_0_1/design_1_processing_system7_0_1/design_1_processing_system7_0_1_in_context.xdc, line 126).
Applied set_property IO_BUFFER_TYPE = NONE for FIXED_IO_0_mio[19]. (constraint file  /home/jens/Xilinx/EOS_opdracht_2020/DEEL1/DEEL1.srcs/sources_1/bd/design_1/ip/design_1_processing_system7_0_1/design_1_processing_system7_0_1/design_1_processing_system7_0_1_in_context.xdc, line 127).
Applied set_property CLOCK_BUFFER_TYPE = NONE for FIXED_IO_0_mio[19]. (constraint file  /home/jens/Xilinx/EOS_opdracht_2020/DEEL1/DEEL1.srcs/sources_1/bd/design_1/ip/design_1_processing_system7_0_1/design_1_processing_system7_0_1/design_1_processing_system7_0_1_in_context.xdc, line 128).
Applied set_property IO_BUFFER_TYPE = NONE for FIXED_IO_0_mio[1]. (constraint file  /home/jens/Xilinx/EOS_opdracht_2020/DEEL1/DEEL1.srcs/sources_1/bd/design_1/ip/design_1_processing_system7_0_1/design_1_processing_system7_0_1/design_1_processing_system7_0_1_in_context.xdc, line 129).
Applied set_property CLOCK_BUFFER_TYPE = NONE for FIXED_IO_0_mio[1]. (constraint file  /home/jens/Xilinx/EOS_opdracht_2020/DEEL1/DEEL1.srcs/sources_1/bd/design_1/ip/design_1_processing_system7_0_1/design_1_processing_system7_0_1/design_1_processing_system7_0_1_in_context.xdc, line 130).
Applied set_property IO_BUFFER_TYPE = NONE for FIXED_IO_0_mio[20]. (constraint file  /home/jens/Xilinx/EOS_opdracht_2020/DEEL1/DEEL1.srcs/sources_1/bd/design_1/ip/design_1_processing_system7_0_1/design_1_processing_system7_0_1/design_1_processing_system7_0_1_in_context.xdc, line 131).
Applied set_property CLOCK_BUFFER_TYPE = NONE for FIXED_IO_0_mio[20]. (constraint file  /home/jens/Xilinx/EOS_opdracht_2020/DEEL1/DEEL1.srcs/sources_1/bd/design_1/ip/design_1_processing_system7_0_1/design_1_processing_system7_0_1/design_1_processing_system7_0_1_in_context.xdc, line 132).
Applied set_property IO_BUFFER_TYPE = NONE for FIXED_IO_0_mio[21]. (constraint file  /home/jens/Xilinx/EOS_opdracht_2020/DEEL1/DEEL1.srcs/sources_1/bd/design_1/ip/design_1_processing_system7_0_1/design_1_processing_system7_0_1/design_1_processing_system7_0_1_in_context.xdc, line 133).
Applied set_property CLOCK_BUFFER_TYPE = NONE for FIXED_IO_0_mio[21]. (constraint file  /home/jens/Xilinx/EOS_opdracht_2020/DEEL1/DEEL1.srcs/sources_1/bd/design_1/ip/design_1_processing_system7_0_1/design_1_processing_system7_0_1/design_1_processing_system7_0_1_in_context.xdc, line 134).
Applied set_property IO_BUFFER_TYPE = NONE for FIXED_IO_0_mio[22]. (constraint file  /home/jens/Xilinx/EOS_opdracht_2020/DEEL1/DEEL1.srcs/sources_1/bd/design_1/ip/design_1_processing_system7_0_1/design_1_processing_system7_0_1/design_1_processing_system7_0_1_in_context.xdc, line 135).
Applied set_property CLOCK_BUFFER_TYPE = NONE for FIXED_IO_0_mio[22]. (constraint file  /home/jens/Xilinx/EOS_opdracht_2020/DEEL1/DEEL1.srcs/sources_1/bd/design_1/ip/design_1_processing_system7_0_1/design_1_processing_system7_0_1/design_1_processing_system7_0_1_in_context.xdc, line 136).
Applied set_property IO_BUFFER_TYPE = NONE for FIXED_IO_0_mio[23]. (constraint file  /home/jens/Xilinx/EOS_opdracht_2020/DEEL1/DEEL1.srcs/sources_1/bd/design_1/ip/design_1_processing_system7_0_1/design_1_processing_system7_0_1/design_1_processing_system7_0_1_in_context.xdc, line 137).
Applied set_property CLOCK_BUFFER_TYPE = NONE for FIXED_IO_0_mio[23]. (constraint file  /home/jens/Xilinx/EOS_opdracht_2020/DEEL1/DEEL1.srcs/sources_1/bd/design_1/ip/design_1_processing_system7_0_1/design_1_processing_system7_0_1/design_1_processing_system7_0_1_in_context.xdc, line 138).
Applied set_property IO_BUFFER_TYPE = NONE for FIXED_IO_0_mio[24]. (constraint file  /home/jens/Xilinx/EOS_opdracht_2020/DEEL1/DEEL1.srcs/sources_1/bd/design_1/ip/design_1_processing_system7_0_1/design_1_processing_system7_0_1/design_1_processing_system7_0_1_in_context.xdc, line 139).
Applied set_property CLOCK_BUFFER_TYPE = NONE for FIXED_IO_0_mio[24]. (constraint file  /home/jens/Xilinx/EOS_opdracht_2020/DEEL1/DEEL1.srcs/sources_1/bd/design_1/ip/design_1_processing_system7_0_1/design_1_processing_system7_0_1/design_1_processing_system7_0_1_in_context.xdc, line 140).
Applied set_property IO_BUFFER_TYPE = NONE for FIXED_IO_0_mio[25]. (constraint file  /home/jens/Xilinx/EOS_opdracht_2020/DEEL1/DEEL1.srcs/sources_1/bd/design_1/ip/design_1_processing_system7_0_1/design_1_processing_system7_0_1/design_1_processing_system7_0_1_in_context.xdc, line 141).
Applied set_property CLOCK_BUFFER_TYPE = NONE for FIXED_IO_0_mio[25]. (constraint file  /home/jens/Xilinx/EOS_opdracht_2020/DEEL1/DEEL1.srcs/sources_1/bd/design_1/ip/design_1_processing_system7_0_1/design_1_processing_system7_0_1/design_1_processing_system7_0_1_in_context.xdc, line 142).
Applied set_property IO_BUFFER_TYPE = NONE for FIXED_IO_0_mio[26]. (constraint file  /home/jens/Xilinx/EOS_opdracht_2020/DEEL1/DEEL1.srcs/sources_1/bd/design_1/ip/design_1_processing_system7_0_1/design_1_processing_system7_0_1/design_1_processing_system7_0_1_in_context.xdc, line 143).
Applied set_property CLOCK_BUFFER_TYPE = NONE for FIXED_IO_0_mio[26]. (constraint file  /home/jens/Xilinx/EOS_opdracht_2020/DEEL1/DEEL1.srcs/sources_1/bd/design_1/ip/design_1_processing_system7_0_1/design_1_processing_system7_0_1/design_1_processing_system7_0_1_in_context.xdc, line 144).
Applied set_property IO_BUFFER_TYPE = NONE for FIXED_IO_0_mio[27]. (constraint file  /home/jens/Xilinx/EOS_opdracht_2020/DEEL1/DEEL1.srcs/sources_1/bd/design_1/ip/design_1_processing_system7_0_1/design_1_processing_system7_0_1/design_1_processing_system7_0_1_in_context.xdc, line 145).
Applied set_property CLOCK_BUFFER_TYPE = NONE for FIXED_IO_0_mio[27]. (constraint file  /home/jens/Xilinx/EOS_opdracht_2020/DEEL1/DEEL1.srcs/sources_1/bd/design_1/ip/design_1_processing_system7_0_1/design_1_processing_system7_0_1/design_1_processing_system7_0_1_in_context.xdc, line 146).
Applied set_property IO_BUFFER_TYPE = NONE for FIXED_IO_0_mio[28]. (constraint file  /home/jens/Xilinx/EOS_opdracht_2020/DEEL1/DEEL1.srcs/sources_1/bd/design_1/ip/design_1_processing_system7_0_1/design_1_processing_system7_0_1/design_1_processing_system7_0_1_in_context.xdc, line 147).
Applied set_property CLOCK_BUFFER_TYPE = NONE for FIXED_IO_0_mio[28]. (constraint file  /home/jens/Xilinx/EOS_opdracht_2020/DEEL1/DEEL1.srcs/sources_1/bd/design_1/ip/design_1_processing_system7_0_1/design_1_processing_system7_0_1/design_1_processing_system7_0_1_in_context.xdc, line 148).
Applied set_property IO_BUFFER_TYPE = NONE for FIXED_IO_0_mio[29]. (constraint file  /home/jens/Xilinx/EOS_opdracht_2020/DEEL1/DEEL1.srcs/sources_1/bd/design_1/ip/design_1_processing_system7_0_1/design_1_processing_system7_0_1/design_1_processing_system7_0_1_in_context.xdc, line 149).
Applied set_property CLOCK_BUFFER_TYPE = NONE for FIXED_IO_0_mio[29]. (constraint file  /home/jens/Xilinx/EOS_opdracht_2020/DEEL1/DEEL1.srcs/sources_1/bd/design_1/ip/design_1_processing_system7_0_1/design_1_processing_system7_0_1/design_1_processing_system7_0_1_in_context.xdc, line 150).
Applied set_property IO_BUFFER_TYPE = NONE for FIXED_IO_0_mio[2]. (constraint file  /home/jens/Xilinx/EOS_opdracht_2020/DEEL1/DEEL1.srcs/sources_1/bd/design_1/ip/design_1_processing_system7_0_1/design_1_processing_system7_0_1/design_1_processing_system7_0_1_in_context.xdc, line 151).
Applied set_property CLOCK_BUFFER_TYPE = NONE for FIXED_IO_0_mio[2]. (constraint file  /home/jens/Xilinx/EOS_opdracht_2020/DEEL1/DEEL1.srcs/sources_1/bd/design_1/ip/design_1_processing_system7_0_1/design_1_processing_system7_0_1/design_1_processing_system7_0_1_in_context.xdc, line 152).
Applied set_property IO_BUFFER_TYPE = NONE for FIXED_IO_0_mio[30]. (constraint file  /home/jens/Xilinx/EOS_opdracht_2020/DEEL1/DEEL1.srcs/sources_1/bd/design_1/ip/design_1_processing_system7_0_1/design_1_processing_system7_0_1/design_1_processing_system7_0_1_in_context.xdc, line 153).
Applied set_property CLOCK_BUFFER_TYPE = NONE for FIXED_IO_0_mio[30]. (constraint file  /home/jens/Xilinx/EOS_opdracht_2020/DEEL1/DEEL1.srcs/sources_1/bd/design_1/ip/design_1_processing_system7_0_1/design_1_processing_system7_0_1/design_1_processing_system7_0_1_in_context.xdc, line 154).
Applied set_property IO_BUFFER_TYPE = NONE for FIXED_IO_0_mio[31]. (constraint file  /home/jens/Xilinx/EOS_opdracht_2020/DEEL1/DEEL1.srcs/sources_1/bd/design_1/ip/design_1_processing_system7_0_1/design_1_processing_system7_0_1/design_1_processing_system7_0_1_in_context.xdc, line 155).
Applied set_property CLOCK_BUFFER_TYPE = NONE for FIXED_IO_0_mio[31]. (constraint file  /home/jens/Xilinx/EOS_opdracht_2020/DEEL1/DEEL1.srcs/sources_1/bd/design_1/ip/design_1_processing_system7_0_1/design_1_processing_system7_0_1/design_1_processing_system7_0_1_in_context.xdc, line 156).
Applied set_property IO_BUFFER_TYPE = NONE for FIXED_IO_0_mio[3]. (constraint file  /home/jens/Xilinx/EOS_opdracht_2020/DEEL1/DEEL1.srcs/sources_1/bd/design_1/ip/design_1_processing_system7_0_1/design_1_processing_system7_0_1/design_1_processing_system7_0_1_in_context.xdc, line 157).
Applied set_property CLOCK_BUFFER_TYPE = NONE for FIXED_IO_0_mio[3]. (constraint file  /home/jens/Xilinx/EOS_opdracht_2020/DEEL1/DEEL1.srcs/sources_1/bd/design_1/ip/design_1_processing_system7_0_1/design_1_processing_system7_0_1/design_1_processing_system7_0_1_in_context.xdc, line 158).
Applied set_property IO_BUFFER_TYPE = NONE for FIXED_IO_0_mio[4]. (constraint file  /home/jens/Xilinx/EOS_opdracht_2020/DEEL1/DEEL1.srcs/sources_1/bd/design_1/ip/design_1_processing_system7_0_1/design_1_processing_system7_0_1/design_1_processing_system7_0_1_in_context.xdc, line 159).
Applied set_property CLOCK_BUFFER_TYPE = NONE for FIXED_IO_0_mio[4]. (constraint file  /home/jens/Xilinx/EOS_opdracht_2020/DEEL1/DEEL1.srcs/sources_1/bd/design_1/ip/design_1_processing_system7_0_1/design_1_processing_system7_0_1/design_1_processing_system7_0_1_in_context.xdc, line 160).
Applied set_property IO_BUFFER_TYPE = NONE for FIXED_IO_0_mio[5]. (constraint file  /home/jens/Xilinx/EOS_opdracht_2020/DEEL1/DEEL1.srcs/sources_1/bd/design_1/ip/design_1_processing_system7_0_1/design_1_processing_system7_0_1/design_1_processing_system7_0_1_in_context.xdc, line 161).
Applied set_property CLOCK_BUFFER_TYPE = NONE for FIXED_IO_0_mio[5]. (constraint file  /home/jens/Xilinx/EOS_opdracht_2020/DEEL1/DEEL1.srcs/sources_1/bd/design_1/ip/design_1_processing_system7_0_1/design_1_processing_system7_0_1/design_1_processing_system7_0_1_in_context.xdc, line 162).
Applied set_property IO_BUFFER_TYPE = NONE for FIXED_IO_0_mio[6]. (constraint file  /home/jens/Xilinx/EOS_opdracht_2020/DEEL1/DEEL1.srcs/sources_1/bd/design_1/ip/design_1_processing_system7_0_1/design_1_processing_system7_0_1/design_1_processing_system7_0_1_in_context.xdc, line 163).
Applied set_property CLOCK_BUFFER_TYPE = NONE for FIXED_IO_0_mio[6]. (constraint file  /home/jens/Xilinx/EOS_opdracht_2020/DEEL1/DEEL1.srcs/sources_1/bd/design_1/ip/design_1_processing_system7_0_1/design_1_processing_system7_0_1/design_1_processing_system7_0_1_in_context.xdc, line 164).
Applied set_property IO_BUFFER_TYPE = NONE for FIXED_IO_0_mio[7]. (constraint file  /home/jens/Xilinx/EOS_opdracht_2020/DEEL1/DEEL1.srcs/sources_1/bd/design_1/ip/design_1_processing_system7_0_1/design_1_processing_system7_0_1/design_1_processing_system7_0_1_in_context.xdc, line 165).
Applied set_property CLOCK_BUFFER_TYPE = NONE for FIXED_IO_0_mio[7]. (constraint file  /home/jens/Xilinx/EOS_opdracht_2020/DEEL1/DEEL1.srcs/sources_1/bd/design_1/ip/design_1_processing_system7_0_1/design_1_processing_system7_0_1/design_1_processing_system7_0_1_in_context.xdc, line 166).
Applied set_property IO_BUFFER_TYPE = NONE for FIXED_IO_0_mio[8]. (constraint file  /home/jens/Xilinx/EOS_opdracht_2020/DEEL1/DEEL1.srcs/sources_1/bd/design_1/ip/design_1_processing_system7_0_1/design_1_processing_system7_0_1/design_1_processing_system7_0_1_in_context.xdc, line 167).
Applied set_property CLOCK_BUFFER_TYPE = NONE for FIXED_IO_0_mio[8]. (constraint file  /home/jens/Xilinx/EOS_opdracht_2020/DEEL1/DEEL1.srcs/sources_1/bd/design_1/ip/design_1_processing_system7_0_1/design_1_processing_system7_0_1/design_1_processing_system7_0_1_in_context.xdc, line 168).
Applied set_property IO_BUFFER_TYPE = NONE for FIXED_IO_0_mio[9]. (constraint file  /home/jens/Xilinx/EOS_opdracht_2020/DEEL1/DEEL1.srcs/sources_1/bd/design_1/ip/design_1_processing_system7_0_1/design_1_processing_system7_0_1/design_1_processing_system7_0_1_in_context.xdc, line 169).
Applied set_property CLOCK_BUFFER_TYPE = NONE for FIXED_IO_0_mio[9]. (constraint file  /home/jens/Xilinx/EOS_opdracht_2020/DEEL1/DEEL1.srcs/sources_1/bd/design_1/ip/design_1_processing_system7_0_1/design_1_processing_system7_0_1/design_1_processing_system7_0_1_in_context.xdc, line 170).
Applied set_property IO_BUFFER_TYPE = NONE for FIXED_IO_0_ps_clk. (constraint file  /home/jens/Xilinx/EOS_opdracht_2020/DEEL1/DEEL1.srcs/sources_1/bd/design_1/ip/design_1_processing_system7_0_1/design_1_processing_system7_0_1/design_1_processing_system7_0_1_in_context.xdc, line 171).
Applied set_property CLOCK_BUFFER_TYPE = NONE for FIXED_IO_0_ps_clk. (constraint file  /home/jens/Xilinx/EOS_opdracht_2020/DEEL1/DEEL1.srcs/sources_1/bd/design_1/ip/design_1_processing_system7_0_1/design_1_processing_system7_0_1/design_1_processing_system7_0_1_in_context.xdc, line 172).
Applied set_property IO_BUFFER_TYPE = NONE for FIXED_IO_0_ps_porb. (constraint file  /home/jens/Xilinx/EOS_opdracht_2020/DEEL1/DEEL1.srcs/sources_1/bd/design_1/ip/design_1_processing_system7_0_1/design_1_processing_system7_0_1/design_1_processing_system7_0_1_in_context.xdc, line 173).
Applied set_property CLOCK_BUFFER_TYPE = NONE for FIXED_IO_0_ps_porb. (constraint file  /home/jens/Xilinx/EOS_opdracht_2020/DEEL1/DEEL1.srcs/sources_1/bd/design_1/ip/design_1_processing_system7_0_1/design_1_processing_system7_0_1/design_1_processing_system7_0_1_in_context.xdc, line 174).
Applied set_property IO_BUFFER_TYPE = NONE for FIXED_IO_0_ps_srstb. (constraint file  /home/jens/Xilinx/EOS_opdracht_2020/DEEL1/DEEL1.srcs/sources_1/bd/design_1/ip/design_1_processing_system7_0_1/design_1_processing_system7_0_1/design_1_processing_system7_0_1_in_context.xdc, line 175).
Applied set_property CLOCK_BUFFER_TYPE = NONE for FIXED_IO_0_ps_srstb. (constraint file  /home/jens/Xilinx/EOS_opdracht_2020/DEEL1/DEEL1.srcs/sources_1/bd/design_1/ip/design_1_processing_system7_0_1/design_1_processing_system7_0_1/design_1_processing_system7_0_1_in_context.xdc, line 176).
Applied set_property DONT_TOUCH = true for design_1_i. (constraint file  auto generated constraint, line ).
Applied set_property DONT_TOUCH = true for design_1_i/MatrixEncoder_0. (constraint file  auto generated constraint, line ).
Applied set_property DONT_TOUCH = true for design_1_i/ps7_0_axi_periph/xbar. (constraint file  auto generated constraint, line ).
Applied set_property DONT_TOUCH = true for design_1_i/ps7_0_axi_periph. (constraint file  auto generated constraint, line ).
Applied set_property DONT_TOUCH = true for design_1_i/rst_ps7_0_50M. (constraint file  auto generated constraint, line ).
Applied set_property DONT_TOUCH = true for design_1_i/axi_gpio_0. (constraint file  auto generated constraint, line ).
Applied set_property DONT_TOUCH = true for design_1_i/processing_system7_0. (constraint file  auto generated constraint, line ).
Applied set_property DONT_TOUCH = true for design_1_i/clk_wiz_0. (constraint file  auto generated constraint, line ).
Applied set_property DONT_TOUCH = true for design_1_i/ps7_0_axi_periph/s00_couplers/auto_pc. (constraint file  auto generated constraint, line ).
Applied set_property DONT_TOUCH = true for design_1_i/ps7_0_axi_periph/s01_couplers/auto_pc. (constraint file  auto generated constraint, line ).
---------------------------------------------------------------------------------
Finished applying 'set_property' XDC Constraints : Time (s): cpu = 00:00:07 ; elapsed = 00:00:09 . Memory (MB): peak = 2236.965 ; gain = 82.793 ; free physical = 14482 ; free virtual = 27259
---------------------------------------------------------------------------------
---------------------------------------------------------------------------------
Finished RTL Optimization Phase 2 : Time (s): cpu = 00:00:07 ; elapsed = 00:00:09 . Memory (MB): peak = 2236.965 ; gain = 82.793 ; free physical = 14483 ; free virtual = 27261
---------------------------------------------------------------------------------
---------------------------------------------------------------------------------
Start RTL Component Statistics 
---------------------------------------------------------------------------------
Detailed RTL Component Info : 
---------------------------------------------------------------------------------
Finished RTL Component Statistics 
---------------------------------------------------------------------------------
---------------------------------------------------------------------------------
Start Part Resource Summary
---------------------------------------------------------------------------------
Part Resources:
DSPs: 66 (col length:40)
BRAMs: 100 (col length: RAMB18 40 RAMB36 20)
---------------------------------------------------------------------------------
Finished Part Resource Summary
---------------------------------------------------------------------------------
---------------------------------------------------------------------------------
Start Cross Boundary and Area Optimization
---------------------------------------------------------------------------------
---------------------------------------------------------------------------------
Finished Cross Boundary and Area Optimization : Time (s): cpu = 00:00:08 ; elapsed = 00:00:10 . Memory (MB): peak = 2236.965 ; gain = 82.793 ; free physical = 14479 ; free virtual = 27260
---------------------------------------------------------------------------------
---------------------------------------------------------------------------------
Start Applying XDC Timing Constraints
---------------------------------------------------------------------------------
---------------------------------------------------------------------------------
Finished Applying XDC Timing Constraints : Time (s): cpu = 00:00:12 ; elapsed = 00:00:14 . Memory (MB): peak = 2236.965 ; gain = 82.793 ; free physical = 14292 ; free virtual = 27092
---------------------------------------------------------------------------------
---------------------------------------------------------------------------------
Start Timing Optimization
---------------------------------------------------------------------------------
---------------------------------------------------------------------------------
Finished Timing Optimization : Time (s): cpu = 00:00:12 ; elapsed = 00:00:14 . Memory (MB): peak = 2236.965 ; gain = 82.793 ; free physical = 14292 ; free virtual = 27092
---------------------------------------------------------------------------------
---------------------------------------------------------------------------------
Start Technology Mapping
---------------------------------------------------------------------------------
---------------------------------------------------------------------------------
Finished Technology Mapping : Time (s): cpu = 00:00:12 ; elapsed = 00:00:14 . Memory (MB): peak = 2236.965 ; gain = 82.793 ; free physical = 14290 ; free virtual = 27090
---------------------------------------------------------------------------------
---------------------------------------------------------------------------------
Start IO Insertion
---------------------------------------------------------------------------------
---------------------------------------------------------------------------------
Start Flattening Before IO Insertion
---------------------------------------------------------------------------------
---------------------------------------------------------------------------------
Finished Flattening Before IO Insertion
---------------------------------------------------------------------------------
---------------------------------------------------------------------------------
Start Final Netlist Cleanup
---------------------------------------------------------------------------------
---------------------------------------------------------------------------------
Finished Final Netlist Cleanup
---------------------------------------------------------------------------------
---------------------------------------------------------------------------------
Finished IO Insertion : Time (s): cpu = 00:00:14 ; elapsed = 00:00:16 . Memory (MB): peak = 2236.965 ; gain = 82.793 ; free physical = 14226 ; free virtual = 27018
---------------------------------------------------------------------------------
---------------------------------------------------------------------------------
Start Renaming Generated Instances
---------------------------------------------------------------------------------
---------------------------------------------------------------------------------
Finished Renaming Generated Instances : Time (s): cpu = 00:00:14 ; elapsed = 00:00:16 . Memory (MB): peak = 2236.965 ; gain = 82.793 ; free physical = 14226 ; free virtual = 27018
---------------------------------------------------------------------------------
---------------------------------------------------------------------------------
Start Rebuilding User Hierarchy
---------------------------------------------------------------------------------
---------------------------------------------------------------------------------
Finished Rebuilding User Hierarchy : Time (s): cpu = 00:00:14 ; elapsed = 00:00:16 . Memory (MB): peak = 2236.965 ; gain = 82.793 ; free physical = 14226 ; free virtual = 27019
---------------------------------------------------------------------------------
---------------------------------------------------------------------------------
Start Renaming Generated Ports
---------------------------------------------------------------------------------
---------------------------------------------------------------------------------
Finished Renaming Generated Ports : Time (s): cpu = 00:00:14 ; elapsed = 00:00:16 . Memory (MB): peak = 2236.965 ; gain = 82.793 ; free physical = 14226 ; free virtual = 27019
---------------------------------------------------------------------------------
---------------------------------------------------------------------------------
Start Handling Custom Attributes
---------------------------------------------------------------------------------
---------------------------------------------------------------------------------
Finished Handling Custom Attributes : Time (s): cpu = 00:00:14 ; elapsed = 00:00:16 . Memory (MB): peak = 2236.965 ; gain = 82.793 ; free physical = 14227 ; free virtual = 27019
---------------------------------------------------------------------------------
---------------------------------------------------------------------------------
Start Renaming Generated Nets
---------------------------------------------------------------------------------
---------------------------------------------------------------------------------
Finished Renaming Generated Nets : Time (s): cpu = 00:00:14 ; elapsed = 00:00:16 . Memory (MB): peak = 2236.965 ; gain = 82.793 ; free physical = 14227 ; free virtual = 27019
---------------------------------------------------------------------------------
---------------------------------------------------------------------------------
Start Writing Synthesis Report
---------------------------------------------------------------------------------

Report BlackBoxes: 
+------+--------------------------------+----------+
|      |BlackBox name                   |Instances |
+------+--------------------------------+----------+
|1     |design_1_xbar_0                 |         1|
|2     |design_1_auto_pc_0              |         1|
|3     |design_1_auto_pc_1              |         1|
|4     |design_1_MatrixEncoder_0_0      |         1|
|5     |design_1_axi_gpio_0_0           |         1|
|6     |design_1_clk_wiz_0_1            |         1|
|7     |design_1_processing_system7_0_1 |         1|
|8     |design_1_rst_ps7_0_50M_0        |         1|
+------+--------------------------------+----------+

Report Cell Usage: 
+------+-------------------------------------+------+
|      |Cell                                 |Count |
+------+-------------------------------------+------+
|1     |design_1_MatrixEncoder_0_0_bbox      |     1|
|2     |design_1_auto_pc_0_bbox              |     1|
|3     |design_1_auto_pc_1_bbox              |     1|
|4     |design_1_axi_gpio_0_0_bbox           |     1|
|5     |design_1_clk_wiz_0_1_bbox            |     1|
|6     |design_1_processing_system7_0_1_bbox |     1|
|7     |design_1_rst_ps7_0_50M_0_bbox        |     1|
|8     |design_1_xbar_0_bbox                 |     1|
|9     |IBUF                                 |     2|
|10    |OBUF                                 |     3|
+------+-------------------------------------+------+
---------------------------------------------------------------------------------
Finished Writing Synthesis Report : Time (s): cpu = 00:00:14 ; elapsed = 00:00:16 . Memory (MB): peak = 2236.965 ; gain = 82.793 ; free physical = 14226 ; free virtual = 27019
---------------------------------------------------------------------------------
Synthesis finished with 0 errors, 0 critical warnings and 0 warnings.
Synthesis Optimization Runtime : Time (s): cpu = 00:00:13 ; elapsed = 00:00:15 . Memory (MB): peak = 2236.965 ; gain = 0.000 ; free physical = 14283 ; free virtual = 27075
Synthesis Optimization Complete : Time (s): cpu = 00:00:14 ; elapsed = 00:00:16 . Memory (MB): peak = 2236.965 ; gain = 82.793 ; free physical = 14283 ; free virtual = 27076
INFO: [Project 1-571] Translating synthesized netlist
Netlist sorting complete. Time (s): cpu = 00:00:00 ; elapsed = 00:00:00.01 . Memory (MB): peak = 2236.965 ; gain = 0.000 ; free physical = 14344 ; free virtual = 27136
INFO: [Project 1-570] Preparing netlist for logic optimization
INFO: [Opt 31-138] Pushed 0 inverter(s) to 0 load pin(s).
Netlist sorting complete. Time (s): cpu = 00:00:00 ; elapsed = 00:00:00 . Memory (MB): peak = 2236.965 ; gain = 0.000 ; free physical = 14292 ; free virtual = 27084
INFO: [Project 1-111] Unisim Transformation Summary:
No Unisim elements were transformed.

INFO: [Common 17-83] Releasing license: Synthesis
47 Infos, 14 Warnings, 0 Critical Warnings and 0 Errors encountered.
synth_design completed successfully
synth_design: Time (s): cpu = 00:00:20 ; elapsed = 00:00:20 . Memory (MB): peak = 2236.965 ; gain = 82.875 ; free physical = 14418 ; free virtual = 27211
INFO: [Common 17-1381] The checkpoint '/home/jens/Xilinx/EOS_opdracht_2020/DEEL1/DEEL1.runs/synth_1/design_1_wrapper.dcp' has been generated.
INFO: [runtcl-4] Executing : report_utilization -file design_1_wrapper_utilization_synth.rpt -pb design_1_wrapper_utilization_synth.pb
INFO: [Common 17-206] Exiting Vivado at Mon Jan 11 13:16:33 2021...
